c:\users\cg01.admin01-pc\source\repos\practica5\practica5\debug\vc141.pdb
c:\users\cg01.admin01-pc\source\repos\practica5\practica5\debug\vc141.idb
c:\users\cg01.admin01-pc\source\repos\practica5\practica5\debug\main_prac7.obj
c:\users\cg01.admin01-pc\source\repos\practica5\practica5\debug\texture.obj
c:\users\cg01.admin01-pc\source\repos\practica5\practica5\debug\main_prac8_texto.obj
c:\users\cg01.admin01-pc\source\repos\practica5\practica5\debug\figuras.obj
c:\users\cg01.admin01-pc\source\repos\practica5\practica5\debug\camera.obj
c:\users\cg01.admin01-pc\source\repos\practica5\practica5\debug\main_prac10new.obj
c:\users\cg01.admin01-pc\source\repos\practica5\practica5\debug\main_prac11new.obj
c:\users\cg01.admin01-pc\source\repos\practica5\debug\practica5.exe
c:\users\cg01.admin01-pc\source\repos\practica5\debug\practica5.ilk
c:\users\cg01.admin01-pc\source\repos\practica5\debug\practica5.pdb
c:\users\cg01.admin01-pc\source\repos\practica5\practica5\debug\main_prac5.obj
c:\users\cg01.admin01-pc\source\repos\practica5\practica5\debug\main_prac10new.new.obj.enc
c:\users\cg01.admin01-pc\source\repos\practica5\practica5\debug\cgabh.ilk
c:\users\cg01.admin01-pc\source\repos\practica5\practica5\debug\cgabh.pdb
c:\users\cg01.admin01-pc\source\repos\practica5\practica5\debug\practica5.tlog\cl.command.1.tlog
c:\users\cg01.admin01-pc\source\repos\practica5\practica5\debug\practica5.tlog\cl.read.1.tlog
c:\users\cg01.admin01-pc\source\repos\practica5\practica5\debug\practica5.tlog\cl.write.1.tlog
c:\users\cg01.admin01-pc\source\repos\practica5\practica5\debug\practica5.tlog\link.1996-cvtres.read.1.tlog
c:\users\cg01.admin01-pc\source\repos\practica5\practica5\debug\practica5.tlog\link.1996-cvtres.write.1.tlog
c:\users\cg01.admin01-pc\source\repos\practica5\practica5\debug\practica5.tlog\link.1996-rc.read.1.tlog
c:\users\cg01.admin01-pc\source\repos\practica5\practica5\debug\practica5.tlog\link.1996-rc.write.1.tlog
c:\users\cg01.admin01-pc\source\repos\practica5\practica5\debug\practica5.tlog\link.1996.read.1.tlog
c:\users\cg01.admin01-pc\source\repos\practica5\practica5\debug\practica5.tlog\link.1996.write.1.tlog
c:\users\cg01.admin01-pc\source\repos\practica5\practica5\debug\practica5.tlog\link.command.1.tlog
c:\users\cg01.admin01-pc\source\repos\practica5\practica5\debug\practica5.tlog\link.read.1.tlog
c:\users\cg01.admin01-pc\source\repos\practica5\practica5\debug\practica5.tlog\link.write.1.tlog
